2017/08/16 15:10:24 [error] [exception.CHttpException.404] exception 'CHttpException' with message 'Unable to resolve the request "gii".' in C:\wamp\www\yii\framework\web\CWebApplication.php:286
Stack trace:
#0 C:\wamp\www\yii\framework\web\CWebApplication.php(141): CWebApplication->runController('gii')
#1 C:\wamp\www\yii\framework\base\CApplication.php(184): CWebApplication->processRequest()
#2 C:\wamp\www\myapp1\index.php(13): CApplication->run()
#3 {main}
REQUEST_URI=/myapp1/index.php/gii
---
2017/08/16 20:09:54 [error] [exception.CException] exception 'CException' with message 'CAssetManager.basePath "C:\wamp\www\myapp1\assets" is invalid. Please make sure the directory exists and is writable by the Web server process.' in C:\wamp\www\yii\framework\web\CAssetManager.php:138
Stack trace:
#0 C:\wamp\www\yii\framework\web\CAssetManager.php(123): CAssetManager->setBasePath('C:\wamp\www\mya...')
#1 C:\wamp\www\yii\framework\web\CAssetManager.php(217): CAssetManager->getBasePath()
#2 C:\wamp\www\yii\framework\web\CClientScript.php(511): CAssetManager->publish('C:\wamp\www\yii...')
#3 C:\wamp\www\yii\framework\web\CClientScript.php(548): CClientScript->getCoreScriptUrl()
#4 C:\wamp\www\yii\framework\web\CClientScript.php(349): CClientScript->getPackageBaseUrl('jquery')
#5 C:\wamp\www\yii\framework\web\CClientScript.php(208): CClientScript->renderCoreScripts()
#6 C:\wamp\www\yii\framework\web\CController.php(351): CClientScript->render('<!DOCTYPE html>...')
#7 C:\wamp\www\yii\framework\web\CController.php(788): CController->processOutput('<!DOCTYPE html>...')
#8 C:\wamp\www\myapp1\protected\controllers\SiteController.php(72): CController->render('contact', Array)
#9 C:\wamp\www\yii\framework\web\actions\CInlineAction.php(49): SiteController->actionContact()
#10 C:\wamp\www\yii\framework\web\CController.php(308): CInlineAction->runWithParams(Array)
#11 C:\wamp\www\yii\framework\web\CController.php(286): CController->runAction(Object(CInlineAction))
#12 C:\wamp\www\yii\framework\web\CController.php(265): CController->runActionWithFilters(Object(CInlineAction), Array)
#13 C:\wamp\www\yii\framework\web\CWebApplication.php(282): CController->run('contact')
#14 C:\wamp\www\yii\framework\web\CWebApplication.php(141): CWebApplication->runController('site/contact')
#15 C:\wamp\www\yii\framework\base\CApplication.php(184): CWebApplication->processRequest()
#16 C:\wamp\www\myapp1\index.php(13): CApplication->run()
#17 {main}
REQUEST_URI=/myapp1/index.php/site/contact
HTTP_REFERER=http://localhost:800/myapp1/index.php/site/index
---
